<?xml version="1.0" encoding="UTF-8" ?>
<testsuite failures="0" time="0.004" errors="0" skipped="0" tests="1" name="com.totsp.crossword.AppTest">
  <properties>
    <property name="java.vendor" value="Apple Inc."/>
    <property name="localRepository" value="/Users/kebernet/.m2/repository"/>
    <property name="sun.java.launcher" value="SUN_STANDARD"/>
    <property name="sun.management.compiler" value="HotSpot 64-Bit Server Compiler"/>
    <property name="env.APP_ICON_8222" value="../Resources/Eclipse.icns"/>
    <property name="os.name" value="Mac OS X"/>
    <property name="sun.boot.class.path" value="/System/Library/Frameworks/JavaVM.framework/Versions/1.6.0/Classes/jsfd.jar:/System/Library/Frameworks/JavaVM.framework/Versions/1.6.0/Classes/classes.jar:/System/Library/Frameworks/JavaVM.framework/Frameworks/JavaRuntimeSupport.framework/Resources/Java/JavaRuntimeSupport.jar:/System/Library/Frameworks/JavaVM.framework/Versions/1.6.0/Classes/ui.jar:/System/Library/Frameworks/JavaVM.framework/Versions/1.6.0/Classes/laf.jar:/System/Library/Frameworks/JavaVM.framework/Versions/1.6.0/Classes/sunrsasign.jar:/System/Library/Frameworks/JavaVM.framework/Versions/1.6.0/Classes/jsse.jar:/System/Library/Frameworks/JavaVM.framework/Versions/1.6.0/Classes/jce.jar:/System/Library/Frameworks/JavaVM.framework/Versions/1.6.0/Classes/charsets.jar"/>
    <property name="env.TMPDIR" value="/var/folders/sS/sSKs1CXsHLakMlDr1WoNkU+++TI/-Tmp-/"/>
    <property name="java.vm.specification.vendor" value="Sun Microsystems Inc."/>
    <property name="java.runtime.version" value="1.6.0_17-b04-248-10M3025"/>
    <property name="env.Apple_PubSub_Socket_Render" value="/tmp/launch-mlFvVj/Render"/>
    <property name="env.DISPLAY" value="/tmp/launch-p0mBAk/:0"/>
    <property name="user.name" value="kebernet"/>
    <property name="env.USER" value="kebernet"/>
    <property name="env.SHELL" value="/bin/bash"/>
    <property name="env.__CF_USER_TEXT_ENCODING" value="0x1F5:0:0"/>
    <property name="awt.nativeDoubleBuffering" value="true"/>
    <property name="env.JAVA_MAIN_CLASS_23328" value="org.codehaus.classworlds.Launcher"/>
    <property name="env.PATH" value="/usr/bin:/bin:/usr/sbin:/sbin"/>
    <property name="user.language" value="en"/>
    <property name="sun.boot.library.path" value="/System/Library/Frameworks/JavaVM.framework/Versions/1.6.0/Libraries"/>
    <property name="classworlds.conf" value="/Users/kebernet/Documents/workspace/.metadata/.plugins/org.maven.ide.eclipse/launches/m2conf2942764374840315948.tmp"/>
    <property name="java.version" value="1.6.0_17"/>
    <property name="user.timezone" value=""/>
    <property name="sun.arch.data.model" value="64"/>
    <property name="http.nonProxyHosts" value="local|*.local|169.254/16|*.169.254/16"/>
    <property name="java.endorsed.dirs" value="/System/Library/Frameworks/JavaVM.framework/Versions/1.6.0/Home/lib/endorsed"/>
    <property name="sun.cpu.isalist" value=""/>
    <property name="sun.jnu.encoding" value="MacRoman"/>
    <property name="file.encoding.pkg" value="sun.io"/>
    <property name="file.separator" value="/"/>
    <property name="java.specification.name" value="Java Platform API Specification"/>
    <property name="java.class.version" value="50.0"/>
    <property name="user.country" value="US"/>
    <property name="java.home" value="/System/Library/Frameworks/JavaVM.framework/Versions/1.6.0/Home"/>
    <property name="java.vm.info" value="mixed mode"/>
    <property name="env.LOGNAME" value="kebernet"/>
    <property name="os.version" value="10.6.2"/>
    <property name="path.separator" value=":"/>
    <property name="java.vm.version" value="14.3-b01-101"/>
    <property name="java.awt.printerjob" value="apple.awt.CPrinterJob"/>
    <property name="sun.io.unicode.encoding" value="UnicodeLittle"/>
    <property name="awt.toolkit" value="apple.awt.CToolkit"/>
    <property name="socksNonProxyHosts" value="local|*.local|169.254/16|*.169.254/16"/>
    <property name="ftp.nonProxyHosts" value="local|*.local|169.254/16|*.169.254/16"/>
    <property name="user.home" value="/Users/kebernet"/>
    <property name="java.specification.vendor" value="Sun Microsystems Inc."/>
    <property name="java.library.path" value=".:/Library/Java/Extensions:/System/Library/Java/Extensions:/usr/lib/java"/>
    <property name="java.vendor.url" value="http://www.apple.com/"/>
    <property name="java.vm.vendor" value="Apple Inc."/>
    <property name="gopherProxySet" value="false"/>
    <property name="maven.home" value="EMBEDDED"/>
    <property name="java.runtime.name" value="Java(TM) SE Runtime Environment"/>
    <property name="java.class.path" value="/Developer/Applications/eclipse/plugins/org.maven.ide.components.maven_embedder_2.1.0.20080530-2300/jars/plexus-classworlds-1.2-alpha-12.jar"/>
    <property name="java.vm.specification.name" value="Java Virtual Machine Specification"/>
    <property name="java.vm.specification.version" value="1.0"/>
    <property name="sun.cpu.endian" value="little"/>
    <property name="sun.os.patch.level" value="unknown"/>
    <property name="env.HOME" value="/Users/kebernet"/>
    <property name="surefire.test.class.path" value="/Users/kebernet/Documents/code/shortyz/puzlib/target/test-classes:/Users/kebernet/Documents/code/shortyz/puzlib/target/classes:/Users/kebernet/.m2/repository/junit/junit/3.8.1/junit-3.8.1.jar:"/>
    <property name="java.io.tmpdir" value="/var/folders/sS/sSKs1CXsHLakMlDr1WoNkU+++TI/-Tmp-/"/>
    <property name="java.vendor.url.bug" value="http://bugreport.apple.com/"/>
    <property name="env.SSH_AUTH_SOCK" value="/tmp/launch-jJuwYD/Listeners"/>
    <property name="env.COMMAND_MODE" value="unix2003"/>
    <property name="mrj.build" value="10M3025"/>
    <property name="os.arch" value="x86_64"/>
    <property name="java.awt.graphicsenv" value="apple.awt.CGraphicsEnvironment"/>
    <property name="java.ext.dirs" value="/Library/Java/Extensions:/System/Library/Java/Extensions:/System/Library/Frameworks/JavaVM.framework/Versions/1.6.0/Home/lib/ext"/>
    <property name="mrj.version" value="1060.1.6.0_17-248"/>
    <property name="user.dir" value="/Users/kebernet/Documents/code/shortyz/puzlib"/>
    <property name="line.separator" value="
"/>
    <property name="java.vm.name" value="Java HotSpot(TM) 64-Bit Server VM"/>
    <property name="basedir" value="/Users/kebernet/Documents/code/shortyz/puzlib"/>
    <property name="maven.mode.standalone" value="true"/>
    <property name="file.encoding" value="MacRoman"/>
    <property name="java.specification.version" value="1.6"/>
  </properties>
  <testcase time="0" classname="com.totsp.crossword.AppTest" name="testApp"/>
</testsuite>